{
  "RSpec": {
    "coverage": {
      "/Users/evandrothalles/Documents/documentos/Estudos/Eng_Software/secretaria_ppgi-develop/config/environment.rb": [
        null,
        1,
        null,
        null,
        1
      ],
      "/Users/evandrothalles/Documents/documentos/Estudos/Eng_Software/secretaria_ppgi-develop/config/application.rb": [
        1,
        null,
        1,
        null,
        null,
        null,
        1,
        null,
        1,
        1,
        null,
        1,
        1,
        null,
        null,
        null,
        null,
        null,
        null,
        null
      ],
      "/Users/evandrothalles/Documents/documentos/Estudos/Eng_Software/secretaria_ppgi-develop/config/boot.rb": [
        1,
        null,
        1,
        1
      ],
      "/Users/evandrothalles/Documents/documentos/Estudos/Eng_Software/secretaria_ppgi-develop/config/environments/test.rb": [
        1,
        null,
        null,
        null,
        null,
        null,
        null,
        1,
        null,
        null,
        null,
        null,
        1,
        null,
        null,
        1,
        1,
        null,
        null,
        null,
        null,
        1,
        1,
        null,
        null,
        1,
        null,
        null,
        1,
        null,
        null,
        1,
        null,
        1,
        null,
        null,
        null,
        null,
        1,
        null,
        null,
        1,
        null,
        null,
        null,
        null
      ],
      "/Users/evandrothalles/Documents/documentos/Estudos/Eng_Software/secretaria_ppgi-develop/config/initializers/application_controller_renderer.rb": [
        null,
        null,
        null,
        null,
        null,
        null,
        null,
        null
      ],
      "/Users/evandrothalles/Documents/documentos/Estudos/Eng_Software/secretaria_ppgi-develop/config/initializers/assets.rb": [
        null,
        null,
        null,
        1,
        null,
        null,
        null,
        null,
        1,
        null,
        null,
        null,
        null,
        null
      ],
      "/Users/evandrothalles/Documents/documentos/Estudos/Eng_Software/secretaria_ppgi-develop/config/initializers/backtrace_silencers.rb": [
        null,
        null,
        null,
        null,
        null,
        null,
        null
      ],
      "/Users/evandrothalles/Documents/documentos/Estudos/Eng_Software/secretaria_ppgi-develop/config/initializers/content_security_policy.rb": [
        null,
        null,
        null,
        null,
        null,
        null,
        null,
        null,
        null,
        null,
        null,
        null,
        null,
        null,
        null,
        null,
        null,
        null,
        null,
        null,
        null,
        null,
        null,
        null,
        null
      ],
      "/Users/evandrothalles/Documents/documentos/Estudos/Eng_Software/secretaria_ppgi-develop/config/initializers/cookies_serializer.rb": [
        null,
        null,
        null,
        null,
        1
      ],
      "/Users/evandrothalles/Documents/documentos/Estudos/Eng_Software/secretaria_ppgi-develop/config/initializers/filter_parameter_logging.rb": [
        null,
        null,
        null,
        1
      ],
      "/Users/evandrothalles/Documents/documentos/Estudos/Eng_Software/secretaria_ppgi-develop/config/initializers/inflections.rb": [
        null,
        null,
        null,
        null,
        null,
        null,
        null,
        null,
        null,
        null,
        null,
        null,
        null,
        null,
        null,
        null
      ],
      "/Users/evandrothalles/Documents/documentos/Estudos/Eng_Software/secretaria_ppgi-develop/config/initializers/mime_types.rb": [
        null,
        null,
        null,
        null
      ],
      "/Users/evandrothalles/Documents/documentos/Estudos/Eng_Software/secretaria_ppgi-develop/config/initializers/simple_form.rb": [
        null,
        null,
        null,
        null,
        null,
        null,
        null,
        null,
        null,
        1,
        null,
        null,
        null,
        null,
        null,
        1,
        null,
        null,
        null,
        null,
        null,
        null,
        null,
        null,
        null,
        1,
        null,
        null,
        null,
        1,
        null,
        null,
        null,
        null,
        null,
        null,
        null,
        null,
        null,
        1,
        null,
        null,
        1,
        null,
        null,
        1,
        null,
        null,
        1,
        null,
        null,
        1,
        null,
        null,
        null,
        1,
        1,
        1,
        null,
        null,
        null,
        null,
        null,
        null,
        null,
        null,
        null,
        1,
        null,
        null,
        null,
        null,
        null,
        1,
        null,
        null,
        1,
        null,
        null,
        null,
        null,
        null,
        null,
        null,
        1,
        null,
        null,
        1,
        null,
        null,
        null,
        null,
        null,
        null,
        null,
        null,
        null,
        null,
        null,
        null,
        null,
        null,
        null,
        null,
        null,
        null,
        null,
        null,
        null,
        null,
        null,
        null,
        null,
        null,
        null,
        null,
        null,
        null,
        null,
        null,
        null,
        null,
        null,
        null,
        null,
        null,
        null,
        null,
        null,
        1,
        null,
        null,
        null,
        null,
        null,
        null,
        null,
        null,
        null,
        null,
        null,
        null,
        null,
        null,
        null,
        null,
        null,
        null,
        null,
        null,
        null,
        null,
        null,
        null,
        null,
        null,
        null,
        null,
        null,
        null,
        null,
        null,
        null,
        1,
        null,
        null,
        null,
        null,
        null,
        null,
        null,
        null,
        null,
        null,
        null,
        null
      ],
      "/Users/evandrothalles/Documents/documentos/Estudos/Eng_Software/secretaria_ppgi-develop/config/initializers/wrap_parameters.rb": [
        null,
        null,
        null,
        null,
        null,
        null,
        1,
        2,
        null,
        null,
        null,
        null,
        null,
        null
      ],
      "/Users/evandrothalles/Documents/documentos/Estudos/Eng_Software/secretaria_ppgi-develop/spec/factories/attendances.rb": [
        1,
        1,
        2,
        2,
        null,
        null
      ],
      "/Users/evandrothalles/Documents/documentos/Estudos/Eng_Software/secretaria_ppgi-develop/config/routes.rb": [
        1,
        1,
        1,
        1,
        1,
        null,
        null,
        1,
        null,
        null
      ],
      "/Users/evandrothalles/Documents/documentos/Estudos/Eng_Software/secretaria_ppgi-develop/app/helpers/application_helper.rb": [
        1,
        null
      ],
      "/Users/evandrothalles/Documents/documentos/Estudos/Eng_Software/secretaria_ppgi-develop/app/helpers/attendances_helper.rb": [
        1,
        null
      ],
      "/Users/evandrothalles/Documents/documentos/Estudos/Eng_Software/secretaria_ppgi-develop/app/helpers/comments_helper.rb": [
        1,
        null
      ],
      "/Users/evandrothalles/Documents/documentos/Estudos/Eng_Software/secretaria_ppgi-develop/app/controllers/attendances_controller.rb": [
        1,
        1,
        null,
        null,
        null,
        1,
        2,
        null,
        null,
        1,
        2,
        2,
        null,
        0,
        null,
        null,
        null,
        null,
        null,
        1,
        null,
        null,
        null,
        1,
        1,
        null,
        null,
        null,
        1,
        null,
        null,
        null,
        null,
        1,
        2,
        null,
        2,
        2,
        2,
        1,
        null,
        2,
        1,
        null,
        null,
        null,
        null,
        null,
        null,
        1,
        2,
        2,
        4,
        2,
        null,
        0,
        0,
        null,
        null,
        null,
        null,
        null,
        null,
        1,
        2,
        2,
        4,
        2,
        null,
        null,
        null,
        1,
        0,
        0,
        0,
        null,
        null,
        1,
        null,
        1,
        4,
        null,
        null,
        null,
        1,
        4,
        null,
        null
      ],
      "/Users/evandrothalles/Documents/documentos/Estudos/Eng_Software/secretaria_ppgi-develop/app/controllers/application_controller.rb": [
        1,
        null
      ],
      "/Users/evandrothalles/Documents/documentos/Estudos/Eng_Software/secretaria_ppgi-develop/spec/controllers/comments_controller_spec.rb": [
        1,
        null,
        1,
        null,
        null,
        null
      ],
      "/Users/evandrothalles/Documents/documentos/Estudos/Eng_Software/secretaria_ppgi-develop/app/controllers/comments_controller.rb": [
        1,
        1,
        0,
        0,
        0,
        null,
        null,
        1,
        0,
        0,
        0,
        0,
        null,
        null
      ],
      "/Users/evandrothalles/Documents/documentos/Estudos/Eng_Software/secretaria_ppgi-develop/spec/helpers/comments_helper_spec.rb": [
        1,
        null,
        null,
        null,
        null,
        null,
        null,
        null,
        null,
        null,
        null,
        null,
        null,
        null,
        null
      ],
      "/Users/evandrothalles/Documents/documentos/Estudos/Eng_Software/secretaria_ppgi-develop/spec/models/Attendance_spec.rb": [
        1,
        null,
        null,
        null,
        1,
        1,
        1,
        1,
        1,
        null,
        null,
        null,
        1,
        1,
        1,
        null,
        1,
        1,
        1,
        null,
        null,
        1,
        1,
        1,
        null,
        null,
        1,
        1,
        1,
        null,
        null,
        null,
        null,
        null,
        1,
        1,
        1,
        1,
        1,
        null,
        null,
        1,
        1,
        1,
        1,
        null,
        null,
        1,
        1,
        1,
        1,
        1,
        null,
        null,
        null,
        1,
        1,
        1,
        1,
        1,
        null,
        null,
        null,
        null,
        1,
        1,
        1,
        null,
        1,
        1,
        null,
        null,
        null,
        null
      ],
      "/Users/evandrothalles/Documents/documentos/Estudos/Eng_Software/secretaria_ppgi-develop/app/models/attendance.rb": [
        1,
        1,
        1,
        1,
        null
      ],
      "/Users/evandrothalles/Documents/documentos/Estudos/Eng_Software/secretaria_ppgi-develop/app/models/application_record.rb": [
        1,
        1,
        null
      ],
      "/Users/evandrothalles/Documents/documentos/Estudos/Eng_Software/secretaria_ppgi-develop/spec/models/comment_spec.rb": [
        1,
        null,
        1,
        1,
        2,
        null,
        null,
        1,
        2,
        null,
        null
      ],
      "/Users/evandrothalles/Documents/documentos/Estudos/Eng_Software/secretaria_ppgi-develop/app/models/comment.rb": [
        1,
        1,
        1,
        null
      ],
      "/Users/evandrothalles/Documents/documentos/Estudos/Eng_Software/secretaria_ppgi-develop/spec/requests/attendances_spec.rb": [
        1,
        null,
        1,
        1,
        1,
        1,
        1,
        null,
        null,
        null
      ]
    },
    "timestamp": 1575911736
  }
}
