{
  "RSpec": {
    "coverage": {
      "/home/filipe/Documentos/secretaria_ppgi/config/environment.rb": [
        null,
        1,
        null,
        null,
        1
      ],
      "/home/filipe/Documentos/secretaria_ppgi/config/application.rb": [
        1,
        null,
        1,
        null,
        null,
        null,
        1,
        null,
        1,
        1,
        null,
        1,
        1,
        null,
        null,
        null,
        null,
        null,
        null,
        null
      ],
      "/home/filipe/Documentos/secretaria_ppgi/config/boot.rb": [
        1,
        null,
        1,
        1
      ],
      "/home/filipe/Documentos/secretaria_ppgi/config/environments/test.rb": [
        1,
        null,
        null,
        null,
        null,
        null,
        null,
        1,
        null,
        null,
        null,
        null,
        1,
        null,
        null,
        1,
        1,
        null,
        null,
        null,
        null,
        1,
        1,
        null,
        null,
        1,
        null,
        null,
        1,
        null,
        null,
        1,
        null,
        1,
        null,
        null,
        null,
        null,
        1,
        null,
        null,
        1,
        null,
        null,
        null,
        null
      ],
      "/home/filipe/Documentos/secretaria_ppgi/config/initializers/application_controller_renderer.rb": [
        null,
        null,
        null,
        null,
        null,
        null,
        null,
        null
      ],
      "/home/filipe/Documentos/secretaria_ppgi/config/initializers/assets.rb": [
        null,
        null,
        null,
        1,
        null,
        null,
        null,
        null,
        1,
        null,
        null,
        null,
        null,
        null
      ],
      "/home/filipe/Documentos/secretaria_ppgi/config/initializers/backtrace_silencers.rb": [
        null,
        null,
        null,
        null,
        null,
        null,
        null
      ],
      "/home/filipe/Documentos/secretaria_ppgi/config/initializers/content_security_policy.rb": [
        null,
        null,
        null,
        null,
        null,
        null,
        null,
        null,
        null,
        null,
        null,
        null,
        null,
        null,
        null,
        null,
        null,
        null,
        null,
        null,
        null,
        null,
        null,
        null,
        null
      ],
      "/home/filipe/Documentos/secretaria_ppgi/config/initializers/cookies_serializer.rb": [
        null,
        null,
        null,
        null,
        1
      ],
      "/home/filipe/Documentos/secretaria_ppgi/config/initializers/filter_parameter_logging.rb": [
        null,
        null,
        null,
        1
      ],
      "/home/filipe/Documentos/secretaria_ppgi/config/initializers/inflections.rb": [
        null,
        null,
        null,
        null,
        null,
        null,
        null,
        null,
        null,
        null,
        null,
        null,
        null,
        null,
        null,
        null
      ],
      "/home/filipe/Documentos/secretaria_ppgi/config/initializers/mime_types.rb": [
        null,
        null,
        null,
        null
      ],
      "/home/filipe/Documentos/secretaria_ppgi/config/initializers/simple_form.rb": [
        null,
        null,
        null,
        null,
        null,
        null,
        null,
        null,
        null,
        1,
        null,
        null,
        null,
        null,
        null,
        1,
        null,
        null,
        null,
        null,
        null,
        null,
        null,
        null,
        null,
        1,
        null,
        null,
        null,
        1,
        null,
        null,
        null,
        null,
        null,
        null,
        null,
        null,
        null,
        1,
        null,
        null,
        1,
        null,
        null,
        1,
        null,
        null,
        1,
        null,
        null,
        1,
        null,
        null,
        null,
        1,
        1,
        1,
        null,
        null,
        null,
        null,
        null,
        null,
        null,
        null,
        null,
        1,
        null,
        null,
        null,
        null,
        null,
        1,
        null,
        null,
        1,
        null,
        null,
        null,
        null,
        null,
        null,
        null,
        1,
        null,
        null,
        1,
        null,
        null,
        null,
        null,
        null,
        null,
        null,
        null,
        null,
        null,
        null,
        null,
        null,
        null,
        null,
        null,
        null,
        null,
        null,
        null,
        null,
        null,
        null,
        null,
        null,
        null,
        null,
        null,
        null,
        null,
        null,
        null,
        null,
        null,
        null,
        null,
        null,
        null,
        null,
        null,
        null,
        1,
        null,
        null,
        null,
        null,
        null,
        null,
        null,
        null,
        null,
        null,
        null,
        null,
        null,
        null,
        null,
        null,
        null,
        null,
        null,
        null,
        null,
        null,
        null,
        null,
        null,
        null,
        null,
        null,
        null,
        null,
        null,
        null,
        null,
        1,
        null,
        null,
        null,
        null,
        null,
        null,
        null,
        null,
        null,
        null,
        null,
        null
      ],
      "/home/filipe/Documentos/secretaria_ppgi/config/initializers/wrap_parameters.rb": [
        null,
        null,
        null,
        null,
        null,
        null,
        1,
        2,
        null,
        null,
        null,
        null,
        null,
        null
      ],
      "/home/filipe/Documentos/secretaria_ppgi/spec/factories/attendances.rb": [
        1,
        1,
        2,
        2,
        null,
        null
      ],
      "/home/filipe/Documentos/secretaria_ppgi/config/routes.rb": [
        1,
        1,
        1,
        1,
        1,
        null,
        null,
        1,
        null,
        null
      ],
      "/home/filipe/Documentos/secretaria_ppgi/app/helpers/application_helper.rb": [
        1,
        null
      ],
      "/home/filipe/Documentos/secretaria_ppgi/app/helpers/attendances_helper.rb": [
        1,
        null
      ],
      "/home/filipe/Documentos/secretaria_ppgi/app/helpers/comments_helper.rb": [
        1,
        null
      ],
      "/home/filipe/Documentos/secretaria_ppgi/app/models/attendance.rb": [
        1,
        1,
        1,
        1,
        null
      ],
      "/home/filipe/Documentos/secretaria_ppgi/app/models/application_record.rb": [
        1,
        1,
        null
      ],
      "/home/filipe/Documentos/secretaria_ppgi/app/models/comment.rb": [
        1,
        1,
        1,
        null
      ]
    },
    "timestamp": 1576113744
  }
}
